This is pdfTeX, Version 3.14159265-2.6-1.40.16 (TeX Live 2015/Debian) (preloaded format=latex 2017.2.23)  14 MAR 2017 21:43
entering extended mode
 restricted \write18 enabled.
 %&-line parsing enabled.
**mid-sem_report.tex
(./mid-sem_report.tex
LaTeX2e <2015/01/01>
Babel <3.9l> and hyphenation patterns for 4 languages loaded.
(/usr/share/texlive/texmf-dist/tex/latex/base/article.cls
Document Class: article 2014/09/29 v1.4h Standard LaTeX document class
(/usr/share/texlive/texmf-dist/tex/latex/base/size11.clo
File: size11.clo 2014/09/29 v1.4h Standard LaTeX file (size option)
)
\c@part=\count79
\c@section=\count80
\c@subsection=\count81
\c@subsubsection=\count82
\c@paragraph=\count83
\c@subparagraph=\count84
\c@figure=\count85
\c@table=\count86
\abovecaptionskip=\skip41
\belowcaptionskip=\skip42
\bibindent=\dimen102
)
(./mid-sem_report.aux)
\openout1 = `mid-sem_report.aux'.

LaTeX Font Info:    Checking defaults for OML/cmm/m/it on input line 2.
LaTeX Font Info:    ... okay on input line 2.
LaTeX Font Info:    Checking defaults for T1/cmr/m/n on input line 2.
LaTeX Font Info:    ... okay on input line 2.
LaTeX Font Info:    Checking defaults for OT1/cmr/m/n on input line 2.
LaTeX Font Info:    ... okay on input line 2.
LaTeX Font Info:    Checking defaults for OMS/cmsy/m/n on input line 2.
LaTeX Font Info:    ... okay on input line 2.
LaTeX Font Info:    Checking defaults for OMX/cmex/m/n on input line 2.
LaTeX Font Info:    ... okay on input line 2.
LaTeX Font Info:    Checking defaults for U/cmr/m/n on input line 2.
LaTeX Font Info:    ... okay on input line 2.
LaTeX Font Info:    External font `cmex10' loaded for size
(Font)              <12> on input line 8.
LaTeX Font Info:    External font `cmex10' loaded for size
(Font)              <8> on input line 8.
LaTeX Font Info:    External font `cmex10' loaded for size
(Font)              <6> on input line 8.

Overfull \hbox (41.5888pt too wide) in paragraph at lines 17--20
[]\OT1/cmr/m/n/10.95 Recurrent Neu-ral Net-works(RNNs), Long Short Term Mem-ory
 Net-works(LSTMs)
 []


Overfull \hbox (29.98772pt too wide) in paragraph at lines 17--20
\OT1/cmr/m/n/10.95 and Gen-er-a-tive Ad-ver-sar-ial Net-works are some of the t
ypes of net-works/approaches
 []

[1

]
LaTeX Font Info:    Try loading font information for OMS+cmr on input line 40.
 (/usr/share/texlive/texmf-dist/tex/latex/base/omscmr.fd
File: omscmr.fd 2014/09/29 v2.5h Standard LaTeX font definitions
)
LaTeX Font Info:    Font shape `OMS/cmr/m/n' in size <10.95> not available
(Font)              Font shape `OMS/cmsy/m/n' tried instead on input line 40.
 [2] [3]
(./mid-sem_report.aux) ) 
Here is how much of TeX's memory you used:
 250 strings out of 494958
 2876 string characters out of 6180054
 50349 words of memory out of 5000000
 3564 multiletter control sequences out of 15000+600000
 8798 words of font info for 31 fonts, out of 8000000 for 9000
 36 hyphenation exceptions out of 8191
 21i,6n,19p,661b,187s stack positions out of 5000i,500n,10000p,200000b,80000s

Output written on mid-sem_report.dvi (3 pages, 5676 bytes).
